<?xml version="1.0" encoding="UTF-8" ?>
<testsuite tests="40" failures="0" name="AcceptanceTest" time="70.719" errors="0" skipped="0">
  <properties>
    <property name="java.runtime.name" value="OpenJDK Runtime Environment"/>
    <property name="sun.boot.library.path" value="/usr/lib/jvm/java-8-openjdk-amd64/jre/lib/amd64"/>
    <property name="java.vm.version" value="25.91-b14"/>
    <property name="java.vm.vendor" value="Oracle Corporation"/>
    <property name="java.vendor.url" value="http://java.oracle.com/"/>
    <property name="path.separator" value=":"/>
    <property name="guice.disable.misplaced.annotation.check" value="true"/>
    <property name="java.vm.name" value="OpenJDK 64-Bit Server VM"/>
    <property name="file.encoding.pkg" value="sun.io"/>
    <property name="user.country" value="GB"/>
    <property name="sun.java.launcher" value="SUN_STANDARD"/>
    <property name="sun.os.patch.level" value="unknown"/>
    <property name="java.vm.specification.name" value="Java Virtual Machine Specification"/>
    <property name="user.dir" value="/home/naren/ideaws/rscomponents"/>
    <property name="java.runtime.version" value="1.8.0_91-8u91-b14-0ubuntu4~14.04-b14"/>
    <property name="java.awt.graphicsenv" value="sun.awt.X11GraphicsEnvironment"/>
    <property name="java.endorsed.dirs" value="/usr/lib/jvm/java-8-openjdk-amd64/jre/lib/endorsed"/>
    <property name="os.arch" value="amd64"/>
    <property name="java.io.tmpdir" value="/tmp"/>
    <property name="line.separator" value="
"/>
    <property name="java.vm.specification.vendor" value="Oracle Corporation"/>
    <property name="os.name" value="Linux"/>
    <property name="classworlds.conf" value="/usr/share/maven/bin/m2.conf"/>
    <property name="sun.jnu.encoding" value="UTF-8"/>
    <property name="java.library.path" value="/home/naren/dev/idea-IU-171.4694.70/bin::/usr/java/packages/lib/amd64:/usr/lib/x86_64-linux-gnu/jni:/lib/x86_64-linux-gnu:/usr/lib/x86_64-linux-gnu:/usr/lib/jni:/lib:/usr/lib"/>
    <property name="java.specification.name" value="Java Platform API Specification"/>
    <property name="java.class.version" value="52.0"/>
    <property name="sun.management.compiler" value="HotSpot 64-Bit Tiered Compilers"/>
    <property name="os.version" value="3.19.0-25-generic"/>
    <property name="user.home" value="/home/naren"/>
    <property name="user.timezone" value="Europe/London"/>
    <property name="java.awt.printerjob" value="sun.print.PSPrinterJob"/>
    <property name="file.encoding" value="UTF-8"/>
    <property name="java.specification.version" value="1.8"/>
    <property name="user.name" value="naren"/>
    <property name="java.class.path" value="/usr/share/maven/boot/plexus-classworlds-2.x.jar"/>
    <property name="java.vm.specification.version" value="1.8"/>
    <property name="sun.arch.data.model" value="64"/>
    <property name="java.home" value="/usr/lib/jvm/java-8-openjdk-amd64/jre"/>
    <property name="sun.java.command" value="org.codehaus.plexus.classworlds.launcher.Launcher clean install"/>
    <property name="java.specification.vendor" value="Oracle Corporation"/>
    <property name="user.language" value="en"/>
    <property name="awt.toolkit" value="sun.awt.X11.XToolkit"/>
    <property name="java.vm.info" value="mixed mode"/>
    <property name="java.version" value="1.8.0_91"/>
    <property name="java.ext.dirs" value="/usr/lib/jvm/java-8-openjdk-amd64/jre/lib/ext:/usr/java/packages/lib/ext"/>
    <property name="securerandom.source" value="file:/dev/./urandom"/>
    <property name="sun.boot.class.path" value="/usr/lib/jvm/java-8-openjdk-amd64/jre/lib/resources.jar:/usr/lib/jvm/java-8-openjdk-amd64/jre/lib/rt.jar:/usr/lib/jvm/java-8-openjdk-amd64/jre/lib/sunrsasign.jar:/usr/lib/jvm/java-8-openjdk-amd64/jre/lib/jsse.jar:/usr/lib/jvm/java-8-openjdk-amd64/jre/lib/jce.jar:/usr/lib/jvm/java-8-openjdk-amd64/jre/lib/charsets.jar:/usr/lib/jvm/java-8-openjdk-amd64/jre/lib/jfr.jar:/usr/lib/jvm/java-8-openjdk-amd64/jre/classes"/>
    <property name="java.vendor" value="Oracle Corporation"/>
    <property name="maven.home" value="/usr/share/maven"/>
    <property name="file.separator" value="/"/>
    <property name="java.vendor.url.bug" value="http://bugreport.sun.com/bugreport/"/>
    <property name="sun.cpu.endian" value="little"/>
    <property name="sun.io.unicode.encoding" value="UnicodeLittle"/>
    <property name="sun.desktop" value="gnome"/>
    <property name="sun.cpu.isalist" value=""/>
  </properties>
  <testcase classname="Scenario: Login user should navigate to payment page to process the order" name="Given a web browser is at rs components home page \&quot;http:\/\/uk.rs-online.com\/web\/\&quot;" time="0"/>
  <testcase classname="Scenario: Login user should navigate to payment page to process the order" name="And enters the username as \&quot;naren1306\&quot; and the password as \&quot;test123\&quot;" time="0"/>
  <testcase classname="Scenario: Login user should navigate to payment page to process the order" name="And clicks on the login button to login" time="0"/>
  <testcase classname="Scenario: Login user should navigate to payment page to process the order" name="And clicks on New products menu" time="0.003"/>
  <testcase classname="Scenario: Login user should navigate to payment page to process the order" name="And selects the pi-top laptop from new products list" time="0"/>
  <testcase classname="Scenario: Login user should navigate to payment page to process the order" name="And confirm the selected product and units" time="0.001"/>
  <testcase classname="Scenario: Login user should navigate to payment page to process the order" name="And clicks on the add to basket button" time="0"/>
  <testcase classname="Scenario: Login user should navigate to payment page to process the order" name="And clicks on the view basket button" time="0.001"/>
  <testcase classname="Scenario: Login user should navigate to payment page to process the order" name="And I will be able to see the checkout page" time="0"/>
  <testcase classname="Scenario: Login user should navigate to payment page to process the order" name="When I clicks on the checkout securely button to checkout" time="0"/>
  <testcase classname="Scenario: Login user should navigate to payment page to process the order" name="Then I should able to navigate to the payments page" time="0"/>
  <testcase classname="Scenario: Login user should navigate to payment page to process the order" name="Scenario: Login user should navigate to payment page to process the order" time="0.462"/>
  <testcase classname="Scenario: User will be asking to login to process the order" name="Given a web browser is at rs components home page \&quot;http:\/\/uk.rs-online.com\/web\/\&quot;" time="0"/>
  <testcase classname="Scenario: User will be asking to login to process the order" name="And clicks on New products menu" time="0"/>
  <testcase classname="Scenario: User will be asking to login to process the order" name="And selects the pi-top laptop from new products list" time="0"/>
  <testcase classname="Scenario: User will be asking to login to process the order" name="And confirm the selected product and units" time="0"/>
  <testcase classname="Scenario: User will be asking to login to process the order" name="And clicks on the add to basket button" time="0"/>
  <testcase classname="Scenario: User will be asking to login to process the order" name="And clicks on the view basket button" time="0"/>
  <testcase classname="Scenario: User will be asking to login to process the order" name="And I will be able to see the checkout page" time="0"/>
  <testcase classname="Scenario: User will be asking to login to process the order" name="When I clicks on the checkout securely button to checkout" time="0"/>
  <testcase classname="Scenario: User will be asking to login to process the order" name="Then should able to see a pop window asking to enter the login details" time="0"/>
  <testcase classname="Scenario: User will be asking to login to process the order" name="And I should able to navigate to the payments page" time="0"/>
  <testcase classname="Scenario: User will be asking to login to process the order" name="Scenario: User will be asking to login to process the order" time="0.326"/>
  <testcase classname="Scenario: Invalid track order number should display error notification message" name="Given a web browser is at rs components home page \&quot;http:\/\/uk.rs-online.com\/web\/\&quot;" time="0"/>
  <testcase classname="Scenario: Invalid track order number should display error notification message" name="And entered invalid track order number \&quot;2145abcd\&quot; in the rs order number search field" time="0"/>
  <testcase classname="Scenario: Invalid track order number should display error notification message" name="When I click on the track order button" time="0"/>
  <testcase classname="Scenario: Invalid track order number should display error notification message" name="Then i will be navigate to parcel tracking page" time="0"/>
  <testcase classname="Scenario: Invalid track order number should display error notification message" name="And i should able to see error notification message \&quot;No orders matched your search criteria\&quot;" time="0"/>
  <testcase classname="Scenario: Invalid track order number should display error notification message" name="Scenario: Invalid track order number should display error notification message" time="0.425"/>
  <testcase classname="Scenario: Search for the brand in the search field" name="Given a web browser is at rs components home page \&quot;http:\/\/uk.rs-online.com\/web\/\&quot;" time="0"/>
  <testcase classname="Scenario: Search for the brand in the search field" name="And entered the brand as \&quot;microchip\&quot; in the search field" time="0"/>
  <testcase classname="Scenario: Search for the brand in the search field" name="When I click on the search cog" time="0"/>
  <testcase classname="Scenario: Search for the brand in the search field" name="Then I should able to see \&quot;Categories for Microchip\&quot; in the microchip brand page" time="0"/>
  <testcase classname="Scenario: Search for the brand in the search field" name="Scenario: Search for the brand in the search field" time="0.456"/>
  <testcase classname="Scenario: User can search and process the order through quick order feature" name="Given a web browser is at rs components home page \&quot;http:\/\/uk.rs-online.com\/web\/\&quot;" time="0"/>
  <testcase classname="Scenario: User can search and process the order through quick order feature" name="And entered the product code \&quot;884-1310\&quot; in the rs stock number search field" time="0"/>
  <testcase classname="Scenario: User can search and process the order through quick order feature" name="When I click on the add to basket button" time="0"/>
  <testcase classname="Scenario: User can search and process the order through quick order feature" name="Then I will be able to see the checkout page" time="0.001"/>
  <testcase classname="Scenario: User can search and process the order through quick order feature" name="And I should able see product the product code \&quot;RS Stock No. 884-1310\&quot;" time="0"/>
  <testcase classname="Scenario: User can search and process the order through quick order feature" name="Scenario: User can search and process the order through quick order feature" time="0.35"/>
</testsuite>